<?xml version="1.0" encoding="UTF-8"?>
<testsuites name="Mocha Tests" time="38.11" tests="18" failures="5">
  <testsuite name="Root Suite" timestamp="2016-04-26T12:26:27" tests="0" failures="0" time="0">
  </testsuite>
  <testsuite name="Check array row detail navigation" timestamp="2016-04-26T12:26:27" tests="3" failures="0" time="12.289">
    <testcase name="Root Suite Check array row detail navigation Navigate to test page" time="6.696" classname="Navigate to test page">
    </testcase>
    <testcase name="Root Suite Check array row detail navigation Open and apply authoring" time="4.812" classname="Open and apply authoring">
    </testcase>
    <testcase name="Root Suite Check array row detail navigation Navigate to row detail page" time="0.781" classname="Navigate to row detail page">
    </testcase>
  </testsuite>
  <testsuite name="Test CRUD on AQMCRUDM" timestamp="2016-04-26T12:26:46" tests="6" failures="5" time="16.759999999999998">
    <testcase name="Root Suite Test CRUD on AQMCRUDM Navigate to create page" time="5.795" classname="Navigate to create page">
    </testcase>
    <testcase name="Root Suite Test CRUD on AQMCRUDM Enter data and save" time="10.878" classname="Enter data and save">
      <failure><![CDATA[Error: Waiting for element to be located By(css selector, [data-s-ut-page-name="x3.erp.UITEST.AQMCRUDM.$query"][data-s-ut-page-is-current="x3.erp.UITEST.AQMCRUDM.$query"])
Wait timed out after 10008ms
    at C:\dev\x3\git\Syracuse\node_modules\syracuse-tablet\test\autoUI\node_modules\selenium-webdriver\lib\promise.js:2241:22
    at Promise.invokeCallback_ (C:\dev\x3\git\Syracuse\node_modules\syracuse-tablet\test\autoUI\node_modules\selenium-webdriver\lib\promise.js:1329:14)
    at TaskQueue.execute_ (C:\dev\x3\git\Syracuse\node_modules\syracuse-tablet\test\autoUI\node_modules\selenium-webdriver\lib\promise.js:2790:14)
    at TaskQueue.executeNext_ (C:\dev\x3\git\Syracuse\node_modules\syracuse-tablet\test\autoUI\node_modules\selenium-webdriver\lib\promise.js:2773:21)
    at C:\dev\x3\git\Syracuse\node_modules\syracuse-tablet\test\autoUI\node_modules\selenium-webdriver\lib\promise.js:2652:27
    at C:\dev\x3\git\Syracuse\node_modules\syracuse-tablet\test\autoUI\node_modules\selenium-webdriver\lib\promise.js:639:7
From: Task: Waiting for element to be located By(css selector, [data-s-ut-page-name="x3.erp.UITEST.AQMCRUDM.$query"][data-s-ut-page-is-current="x3.erp.UITEST.AQMCRUDM.$query"])
    at ControlFlow.wait (C:\dev\x3\git\Syracuse\node_modules\syracuse-tablet\test\autoUI\node_modules\selenium-webdriver\lib\promise.js:2229:17)
    at Driver.wait (C:\dev\x3\git\Syracuse\node_modules\syracuse-tablet\test\autoUI\node_modules\selenium-webdriver\lib\webdriver.js:688:29)
    at Object.exports.waitLocated (C:\dev\x3\git\Syracuse\node_modules\syracuse-tablet\test\autoUI\lib\dom.js:229:27)
    at Object.exports.waitPage (C:\dev\x3\git\Syracuse\node_modules\syracuse-tablet\test\autoUI\lib\app.js:188:16)
    at C:\dev\x3\git\Syracuse\node_modules\syracuse-tablet\test\autoUI\lib\app.js:192:18
    at C:\dev\x3\git\Syracuse\node_modules\syracuse-tablet\test\autoUI\lib\dom.js:158:12
    at Promise.invokeCallback_ (C:\dev\x3\git\Syracuse\node_modules\syracuse-tablet\test\autoUI\node_modules\selenium-webdriver\lib\promise.js:1329:14)
    at TaskQueue.execute_ (C:\dev\x3\git\Syracuse\node_modules\syracuse-tablet\test\autoUI\node_modules\selenium-webdriver\lib\promise.js:2790:14)
    at TaskQueue.executeNext_ (C:\dev\x3\git\Syracuse\node_modules\syracuse-tablet\test\autoUI\node_modules\selenium-webdriver\lib\promise.js:2773:21)
    at C:\dev\x3\git\Syracuse\node_modules\syracuse-tablet\test\autoUI\node_modules\selenium-webdriver\lib\promise.js:2652:27
    at C:\dev\x3\git\Syracuse\node_modules\syracuse-tablet\test\autoUI\node_modules\selenium-webdriver\lib\promise.js:639:7]]></failure>
    </testcase>
    <testcase name="Root Suite Test CRUD on AQMCRUDM Search new record" time="0.019" classname="Search new record">
      <failure><![CDATA[NoSuchElementError: no such element: Unable to locate element: {"method":"css selector","selector":"[data-s-ut-field-x3name="$resources"]"}
  (Session info: chrome=49.0.2623.112)
  (Driver info: chromedriver=2.21.371459 (36d3d07f660ff2bc1bf28a75d1cdabed0983e7c4),platform=Windows NT 10.0 x86_64)
    at WebDriverError (C:\dev\x3\git\Syracuse\node_modules\syracuse-tablet\test\autoUI\node_modules\selenium-webdriver\error.js:27:10)
    at NoSuchElementError (C:\dev\x3\git\Syracuse\node_modules\syracuse-tablet\test\autoUI\node_modules\selenium-webdriver\error.js:230:10)
    at Object.checkLegacyResponse (C:\dev\x3\git\Syracuse\node_modules\syracuse-tablet\test\autoUI\node_modules\selenium-webdriver\error.js:580:13)
    at C:\dev\x3\git\Syracuse\node_modules\syracuse-tablet\test\autoUI\node_modules\selenium-webdriver\lib\webdriver.js:360:15
    at Promise.invokeCallback_ (C:\dev\x3\git\Syracuse\node_modules\syracuse-tablet\test\autoUI\node_modules\selenium-webdriver\lib\promise.js:1329:14)
    at TaskQueue.execute_ (C:\dev\x3\git\Syracuse\node_modules\syracuse-tablet\test\autoUI\node_modules\selenium-webdriver\lib\promise.js:2790:14)
    at TaskQueue.executeNext_ (C:\dev\x3\git\Syracuse\node_modules\syracuse-tablet\test\autoUI\node_modules\selenium-webdriver\lib\promise.js:2773:21)
    at C:\dev\x3\git\Syracuse\node_modules\syracuse-tablet\test\autoUI\node_modules\selenium-webdriver\lib\promise.js:2652:27
    at C:\dev\x3\git\Syracuse\node_modules\syracuse-tablet\test\autoUI\node_modules\selenium-webdriver\lib\promise.js:639:7]]></failure>
    </testcase>
    <testcase name="Root Suite Test CRUD on AQMCRUDM Goto detail page and validate TEXTE" time="0.028" classname="Goto detail page and validate TEXTE">
      <failure><![CDATA[NoSuchElementError: no such element: Unable to locate element: {"method":"css selector","selector":"[data-s-ut-field-x3name="$resources"]"}
  (Session info: chrome=49.0.2623.112)
  (Driver info: chromedriver=2.21.371459 (36d3d07f660ff2bc1bf28a75d1cdabed0983e7c4),platform=Windows NT 10.0 x86_64)
    at WebDriverError (C:\dev\x3\git\Syracuse\node_modules\syracuse-tablet\test\autoUI\node_modules\selenium-webdriver\error.js:27:10)
    at NoSuchElementError (C:\dev\x3\git\Syracuse\node_modules\syracuse-tablet\test\autoUI\node_modules\selenium-webdriver\error.js:230:10)
    at Object.checkLegacyResponse (C:\dev\x3\git\Syracuse\node_modules\syracuse-tablet\test\autoUI\node_modules\selenium-webdriver\error.js:580:13)
    at C:\dev\x3\git\Syracuse\node_modules\syracuse-tablet\test\autoUI\node_modules\selenium-webdriver\lib\webdriver.js:360:15
    at Promise.invokeCallback_ (C:\dev\x3\git\Syracuse\node_modules\syracuse-tablet\test\autoUI\node_modules\selenium-webdriver\lib\promise.js:1329:14)
    at TaskQueue.execute_ (C:\dev\x3\git\Syracuse\node_modules\syracuse-tablet\test\autoUI\node_modules\selenium-webdriver\lib\promise.js:2790:14)
    at TaskQueue.executeNext_ (C:\dev\x3\git\Syracuse\node_modules\syracuse-tablet\test\autoUI\node_modules\selenium-webdriver\lib\promise.js:2773:21)
    at C:\dev\x3\git\Syracuse\node_modules\syracuse-tablet\test\autoUI\node_modules\selenium-webdriver\lib\promise.js:2652:27
    at C:\dev\x3\git\Syracuse\node_modules\syracuse-tablet\test\autoUI\node_modules\selenium-webdriver\lib\promise.js:639:7]]></failure>
    </testcase>
    <testcase name="Root Suite Test CRUD on AQMCRUDM Goto edit page and change TEXTE" time="0.02" classname="Goto edit page and change TEXTE">
      <failure><![CDATA[NoSuchElementError: no such element: Unable to locate element: {"method":"css selector","selector":"[data-s-ut-link-x3name="$edit"]"}
  (Session info: chrome=49.0.2623.112)
  (Driver info: chromedriver=2.21.371459 (36d3d07f660ff2bc1bf28a75d1cdabed0983e7c4),platform=Windows NT 10.0 x86_64)
    at WebDriverError (C:\dev\x3\git\Syracuse\node_modules\syracuse-tablet\test\autoUI\node_modules\selenium-webdriver\error.js:27:10)
    at NoSuchElementError (C:\dev\x3\git\Syracuse\node_modules\syracuse-tablet\test\autoUI\node_modules\selenium-webdriver\error.js:230:10)
    at Object.checkLegacyResponse (C:\dev\x3\git\Syracuse\node_modules\syracuse-tablet\test\autoUI\node_modules\selenium-webdriver\error.js:580:13)
    at C:\dev\x3\git\Syracuse\node_modules\syracuse-tablet\test\autoUI\node_modules\selenium-webdriver\lib\webdriver.js:360:15
    at Promise.invokeCallback_ (C:\dev\x3\git\Syracuse\node_modules\syracuse-tablet\test\autoUI\node_modules\selenium-webdriver\lib\promise.js:1329:14)
    at TaskQueue.execute_ (C:\dev\x3\git\Syracuse\node_modules\syracuse-tablet\test\autoUI\node_modules\selenium-webdriver\lib\promise.js:2790:14)
    at TaskQueue.executeNext_ (C:\dev\x3\git\Syracuse\node_modules\syracuse-tablet\test\autoUI\node_modules\selenium-webdriver\lib\promise.js:2773:21)
    at C:\dev\x3\git\Syracuse\node_modules\syracuse-tablet\test\autoUI\node_modules\selenium-webdriver\lib\promise.js:2652:27
    at C:\dev\x3\git\Syracuse\node_modules\syracuse-tablet\test\autoUI\node_modules\selenium-webdriver\lib\promise.js:639:7]]></failure>
    </testcase>
    <testcase name="Root Suite Test CRUD on AQMCRUDM Delete test record" time="0.02" classname="Delete test record">
      <failure><![CDATA[NoSuchElementError: no such element: Unable to locate element: {"method":"css selector","selector":"[data-s-ut-link-x3name="$delete"]"}
  (Session info: chrome=49.0.2623.112)
  (Driver info: chromedriver=2.21.371459 (36d3d07f660ff2bc1bf28a75d1cdabed0983e7c4),platform=Windows NT 10.0 x86_64)
    at WebDriverError (C:\dev\x3\git\Syracuse\node_modules\syracuse-tablet\test\autoUI\node_modules\selenium-webdriver\error.js:27:10)
    at NoSuchElementError (C:\dev\x3\git\Syracuse\node_modules\syracuse-tablet\test\autoUI\node_modules\selenium-webdriver\error.js:230:10)
    at Object.checkLegacyResponse (C:\dev\x3\git\Syracuse\node_modules\syracuse-tablet\test\autoUI\node_modules\selenium-webdriver\error.js:580:13)
    at C:\dev\x3\git\Syracuse\node_modules\syracuse-tablet\test\autoUI\node_modules\selenium-webdriver\lib\webdriver.js:360:15
    at Promise.invokeCallback_ (C:\dev\x3\git\Syracuse\node_modules\syracuse-tablet\test\autoUI\node_modules\selenium-webdriver\lib\promise.js:1329:14)
    at TaskQueue.execute_ (C:\dev\x3\git\Syracuse\node_modules\syracuse-tablet\test\autoUI\node_modules\selenium-webdriver\lib\promise.js:2790:14)
    at TaskQueue.executeNext_ (C:\dev\x3\git\Syracuse\node_modules\syracuse-tablet\test\autoUI\node_modules\selenium-webdriver\lib\promise.js:2773:21)
    at C:\dev\x3\git\Syracuse\node_modules\syracuse-tablet\test\autoUI\node_modules\selenium-webdriver\lib\promise.js:2652:27
    at C:\dev\x3\git\Syracuse\node_modules\syracuse-tablet\test\autoUI\node_modules\selenium-webdriver\lib\promise.js:639:7]]></failure>
    </testcase>
  </testsuite>
  <testsuite name="Check dashboard with context" timestamp="2016-04-26T12:27:08" tests="2" failures="0" time="2.1870000000000003">
    <testcase name="Root Suite Check dashboard with context Navigate to test page" time="1.979" classname="Navigate to test page">
    </testcase>
    <testcase name="Root Suite Check dashboard with context Check result" time="0.208" classname="Check result">
    </testcase>
  </testsuite>
  <testsuite name="Basic login test" timestamp="2016-04-26T12:27:16" tests="1" failures="0" time="0">
    <testcase name="Root Suite Basic login test Login" time="0" classname="Login">
    </testcase>
  </testsuite>
  <testsuite name="Chart detail navigation" timestamp="2016-04-26T12:27:21" tests="2" failures="0" time="3.795">
    <testcase name="Root Suite Chart detail navigation Navigate to test page" time="2.693" classname="Navigate to test page">
    </testcase>
    <testcase name="Root Suite Chart detail navigation Open chart detail" time="1.102" classname="Open chart detail">
    </testcase>
  </testsuite>
  <testsuite name="Welcome page customization" timestamp="2016-04-26T12:27:31" tests="4" failures="0" time="3.0789999999999997">
    <testcase name="Root Suite Welcome page customization Open panel" time="1.799" classname="Open panel">
    </testcase>
    <testcase name="Root Suite Welcome page customization Customize color and title" time="0.46" classname="Customize color and title">
    </testcase>
    <testcase name="Root Suite Welcome page customization Close panel" time="0.755" classname="Close panel">
    </testcase>
    <testcase name="Root Suite Welcome page customization Check result" time="0.065" classname="Check result">
    </testcase>
  </testsuite>
</testsuites>